<?xml version="1.0" encoding="UTF-8"?>
<testsuite name="LocalDateParsingExtensionsTest[jvm]" tests="5" skipped="0" failures="0" errors="0" timestamp="2026-02-22T17:05:48.185Z" hostname="MacBookPro.local" time="0.006">
  <properties/>
  <testcase name="toLocalDate returns LocalDate for valid date string using provided custom format()[jvm]" classname="localdate.LocalDateParsingExtensionsTest" time="0.004"/>
  <testcase name="toLocalDate returns null when provided custom format does not match date string()[jvm]" classname="localdate.LocalDateParsingExtensionsTest" time="0.0"/>
  <testcase name="toLocalDate returns null for invalid date string when no format is provided()[jvm]" classname="localdate.LocalDateParsingExtensionsTest" time="0.0"/>
  <testcase name="toLocalDate with empty format should fallback to default ISO parsing()[jvm]" classname="localdate.LocalDateParsingExtensionsTest" time="0.0"/>
  <testcase name="toLocalDate returns LocalDate for valid ISO date string when no format is provided()[jvm]" classname="localdate.LocalDateParsingExtensionsTest" time="0.001"/>
  <system-out><![CDATA[]]></system-out>
  <system-err><![CDATA[]]></system-err>
</testsuite>
