<?xml version="1.0" encoding="UTF-8"?>
<testsuite name="LocalDateMutatingExtensionsTest[jvm]" tests="24" skipped="0" failures="0" errors="0" timestamp="2026-02-22T17:05:48.153Z" hostname="MacBookPro.local" time="0.032">
  <properties/>
  <testcase name="test minusMonths with negative months()[jvm]" classname="localdate.LocalDateMutatingExtensionsTest" time="0.001"/>
  <testcase name="test plusYears with negative years()[jvm]" classname="localdate.LocalDateMutatingExtensionsTest" time="0.02"/>
  <testcase name="atStartOfDay returns LocalDateTime with time MIN()[jvm]" classname="localdate.LocalDateMutatingExtensionsTest" time="0.001"/>
  <testcase name="test plusYears with positive years()[jvm]" classname="localdate.LocalDateMutatingExtensionsTest" time="0.001"/>
  <testcase name="test plusYears with zero years()[jvm]" classname="localdate.LocalDateMutatingExtensionsTest" time="0.0"/>
  <testcase name="getLast returns the previous occurrence when countingInThisDay is false and current day matches target()[jvm]" classname="localdate.LocalDateMutatingExtensionsTest" time="0.0"/>
  <testcase name="getNext returns the next occurrence when countingInThisDay is false and current day matches target()[jvm]" classname="localdate.LocalDateMutatingExtensionsTest" time="0.0"/>
  <testcase name="test plusYears with leap year()[jvm]" classname="localdate.LocalDateMutatingExtensionsTest" time="0.001"/>
  <testcase name="getLast returns the same day when countingInThisDay is true and current day matches target()[jvm]" classname="localdate.LocalDateMutatingExtensionsTest" time="0.0"/>
  <testcase name="getNext returns the next occurrence for a different target day()[jvm]" classname="localdate.LocalDateMutatingExtensionsTest" time="0.0"/>
  <testcase name="test minusYears with leap year()[jvm]" classname="localdate.LocalDateMutatingExtensionsTest" time="0.0"/>
  <testcase name="test edge case for year operations()[jvm]" classname="localdate.LocalDateMutatingExtensionsTest" time="0.0"/>
  <testcase name="getLast returns the most recent occurrence for a different target day()[jvm]" classname="localdate.LocalDateMutatingExtensionsTest" time="0.0"/>
  <testcase name="test minusYears with negative years()[jvm]" classname="localdate.LocalDateMutatingExtensionsTest" time="0.001"/>
  <testcase name="plusDays adds the correct number of days()[jvm]" classname="localdate.LocalDateMutatingExtensionsTest" time="0.0"/>
  <testcase name="test minusYears with positive years()[jvm]" classname="localdate.LocalDateMutatingExtensionsTest" time="0.0"/>
  <testcase name="test edge case for month operations()[jvm]" classname="localdate.LocalDateMutatingExtensionsTest" time="0.001"/>
  <testcase name="minusDays subtracts the correct number of days()[jvm]" classname="localdate.LocalDateMutatingExtensionsTest" time="0.0"/>
  <testcase name="atEndOfDay returns LocalDateTime with time MAX()[jvm]" classname="localdate.LocalDateMutatingExtensionsTest" time="0.0"/>
  <testcase name="test plusMonths with positive months()[jvm]" classname="localdate.LocalDateMutatingExtensionsTest" time="0.001"/>
  <testcase name="test plusMonths with negative months()[jvm]" classname="localdate.LocalDateMutatingExtensionsTest" time="0.0"/>
  <testcase name="test minusYears with zero years()[jvm]" classname="localdate.LocalDateMutatingExtensionsTest" time="0.0"/>
  <testcase name="test minusMonths with positive months()[jvm]" classname="localdate.LocalDateMutatingExtensionsTest" time="0.001"/>
  <testcase name="getNext returns the same day when countingInThisDay is true and current day matches target()[jvm]" classname="localdate.LocalDateMutatingExtensionsTest" time="0.0"/>
  <system-out><![CDATA[]]></system-out>
  <system-err><![CDATA[]]></system-err>
</testsuite>
