<?xml version="1.0" encoding="UTF-8"?>
<testsuite name="LocalDateTimeComparisonExtensionsTest[jvm]" tests="2" skipped="0" failures="0" errors="0" timestamp="2026-02-22T17:05:48.193Z" hostname="MacBookPro.local" time="0.007">
  <properties/>
  <testcase name="given 2 dateTimes 3 years apart, then should see such differences in comparing()[jvm]" classname="localdatetime.LocalDateTimeComparisonExtensionsTest" time="0.007"/>
  <testcase name="given 2 dateTimes 1hr and 10m apart, then should see such differences in comparing()[jvm]" classname="localdatetime.LocalDateTimeComparisonExtensionsTest" time="0.0"/>
  <system-out><![CDATA[]]></system-out>
  <system-err><![CDATA[]]></system-err>
</testsuite>
