<?xml version="1.0" encoding="UTF-8"?>
<testsuite name="LocalTimeParsingExtensionsTest[jvm]" tests="8" skipped="1" failures="0" errors="0" timestamp="2026-02-22T17:05:48.251Z" hostname="MacBookPro.local" time="0.003">
  <properties/>
  <testcase name="test invalid format throws IllegalArgumentException()[jvm]" classname="localtime.LocalTimeParsingExtensionsTest" time="0.001"/>
  <testcase name="test formatting with 12-hour format and AM_PM()[jvm]" classname="localtime.LocalTimeParsingExtensionsTest" time="0.0">
    <skipped/>
  </testcase>
  <testcase name="test formatting midnight time()[jvm]" classname="localtime.LocalTimeParsingExtensionsTest" time="0.001"/>
  <testcase name="test formatting with fractional seconds()[jvm]" classname="localtime.LocalTimeParsingExtensionsTest" time="0.0"/>
  <testcase name="test formatting with HH colon mm()[jvm]" classname="localtime.LocalTimeParsingExtensionsTest" time="0.0"/>
  <testcase name="test formatting with single digit hour and minute()[jvm]" classname="localtime.LocalTimeParsingExtensionsTest" time="0.0"/>
  <testcase name="test formatting with full time pattern including seconds()[jvm]" classname="localtime.LocalTimeParsingExtensionsTest" time="0.0"/>
  <testcase name="test formatting with literal text()[jvm]" classname="localtime.LocalTimeParsingExtensionsTest" time="0.0"/>
  <system-out><![CDATA[]]></system-out>
  <system-err><![CDATA[]]></system-err>
</testsuite>
