<?xml version="1.0" encoding="UTF-8"?>
<testsuite name="InternalUtilTest[jvm]" tests="5" skipped="0" failures="0" errors="0" timestamp="2026-02-22T17:05:48.129Z" hostname="MacBookPro.local" time="0.017">
  <properties/>
  <testcase name="years divisible by 4 but not 100 are leap years()[jvm]" classname="InternalUtilTest" time="0.007"/>
  <testcase name="years divisible by 400 are leap years()[jvm]" classname="InternalUtilTest" time="0.0"/>
  <testcase name="test negative and zero years()[jvm]" classname="InternalUtilTest" time="0.0"/>
  <testcase name="years not divisible by 4 are not leap years()[jvm]" classname="InternalUtilTest" time="0.0"/>
  <testcase name="years divisible by 100 but not 400 are not leap years()[jvm]" classname="InternalUtilTest" time="0.0"/>
  <system-out><![CDATA[]]></system-out>
  <system-err><![CDATA[]]></system-err>
</testsuite>
