<?xml version="1.0" encoding="UTF-8"?>
<testsuite name="LocalDateTimePrintExtensionsTest[jvm]" tests="5" skipped="1" failures="0" errors="0" timestamp="2026-02-22T17:05:48.239Z" hostname="MacBookPro.local" time="0.004">
  <properties/>
  <testcase name="test formatting with full date and time pattern()[jvm]" classname="localdatetime.LocalDateTimePrintExtensionsTest" time="0.0"/>
  <testcase name="test formatting with 12-hour time and AM PM()[jvm]" classname="localdatetime.LocalDateTimePrintExtensionsTest" time="0.0">
    <skipped/>
  </testcase>
  <testcase name="test formatting with single digit month and day()[jvm]" classname="localdatetime.LocalDateTimePrintExtensionsTest" time="0.0"/>
  <testcase name="test formatting with valid pattern dd-MM-yyyy()[jvm]" classname="localdatetime.LocalDateTimePrintExtensionsTest" time="0.0"/>
  <testcase name="test invalid format throws exception()[jvm]" classname="localdatetime.LocalDateTimePrintExtensionsTest" time="0.002"/>
  <system-out><![CDATA[]]></system-out>
  <system-err><![CDATA[]]></system-err>
</testsuite>
